<?xml version="1.0" encoding="UTF-8"?>
<!-- Generated by org.testng.reporters.JUnitReportReporter -->
<testsuite hostname="DESKTOP-E0D86RI" failures="0" tests="1" name="NaukriUpdateResume" time="34.205" errors="0" timestamp="2025-08-16T14:35:36 IST" skipped="0">
  <testcase classname="NaukriUpdateResume" name="NaukriResume" time="34.205"/>
</testsuite> <!-- NaukriUpdateResume -->
