<?xml version="1.0" encoding="UTF-8"?>
<!-- Generated by org.testng.reporters.JUnitReportReporter -->
<testsuite hostname="DESKTOP-E0D86RI" failures="0" tests="1" name="NaukriUpdateResume" time="41.559" errors="0" timestamp="2025-08-16T14:54:40 IST" skipped="0">
  <testcase classname="NaukriUpdateResume" name="NaukriResume" time="41.559"/>
</testsuite> <!-- NaukriUpdateResume -->
